# JRE version: Java(TM) SE Runtime Environment (8.0_11-b12) (build 1.8.0_11-b12)
# Java VM: Java HotSpot(TM) 64-Bit Server VM (25.11-b03 mixed mode windows-amd64 compressed oops)
Heap:
 PSYoungGen      total 62976K, used 53534K [0x00000000eab00000, 0x00000000f0980000, 0x0000000100000000)
  eden space 50688K, 89% used [0x00000000eab00000,0x00000000ed70f990,0x00000000edc80000)
  from space 12288K, 68% used [0x00000000edc80000,0x00000000ee4b8000,0x00000000ee880000)
  to   space 12800K, 0% used [0x00000000efd00000,0x00000000efd00000,0x00000000f0980000)
 ParOldGen       total 129536K, used 39390K [0x00000000c0000000, 0x00000000c7e80000, 0x00000000eab00000)
  object space 129536K, 30% used [0x00000000c0000000,0x00000000c2677a70,0x00000000c7e80000)
 Metaspace       used 6003K, capacity 7088K, committed 7296K, reserved 1056768K
  class space    used 585K, capacity 616K, committed 640K, reserved 1048576K
GC Heap History (10 events):
Event: 13.713 GC heap before
{Heap before GC invocations=17 (full 0):
 PSYoungGen      total 31232K, used 30565K [0x00000000eab00000, 0x00000000ece80000, 0x0000000100000000)
  eden space 27648K, 100% used [0x00000000eab00000,0x00000000ec600000,0x00000000ec600000)
  from space 3584K, 81% used [0x00000000eca00000,0x00000000eccd96c8,0x00000000ecd80000)
  to   space 4096K, 0% used [0x00000000ec600000,0x00000000ec600000,0x00000000eca00000)
 ParOldGen       total 129536K, used 11495K [0x00000000c0000000, 0x00000000c7e80000, 0x00000000eab00000)
  object space 129536K, 8% used [0x00000000c0000000,0x00000000c0b39d10,0x00000000c7e80000)
 Metaspace       used 5790K, capacity 6960K, committed 7040K, reserved 1056768K
  class space    used 576K, capacity 616K, committed 640K, reserved 1048576K
Event: 13.752 GC heap after
Heap after GC invocations=17 (full 0):
 PSYoungGen      total 31744K, used 4081K [0x00000000eab00000, 0x00000000edc00000, 0x0000000100000000)
  eden space 27648K, 0% used [0x00000000eab00000,0x00000000eab00000,0x00000000ec600000)
  from space 4096K, 99% used [0x00000000ec600000,0x00000000ec9fc450,0x00000000eca00000)
  to   space 5632K, 0% used [0x00000000ed680000,0x00000000ed680000,0x00000000edc00000)
 ParOldGen       total 129536K, used 14542K [0x00000000c0000000, 0x00000000c7e80000, 0x00000000eab00000)
  object space 129536K, 11% used [0x00000000c0000000,0x00000000c0e33940,0x00000000c7e80000)
 Metaspace       used 5790K, capacity 6960K, committed 7040K, reserved 1056768K
  class space    used 576K, capacity 616K, committed 640K, reserved 1048576K
}
Event: 14.250 GC heap before
{Heap before GC invocations=18 (full 0):
 PSYoungGen      total 31744K, used 31729K [0x00000000eab00000, 0x00000000edc00000, 0x0000000100000000)
  eden space 27648K, 100% used [0x00000000eab00000,0x00000000ec600000,0x00000000ec600000)
  from space 4096K, 99% used [0x00000000ec600000,0x00000000ec9fc450,0x00000000eca00000)
  to   space 5632K, 0% used [0x00000000ed680000,0x00000000ed680000,0x00000000edc00000)
 ParOldGen       total 129536K, used 14542K [0x00000000c0000000, 0x00000000c7e80000, 0x00000000eab00000)
  object space 129536K, 11% used [0x00000000c0000000,0x00000000c0e33940,0x00000000c7e80000)
 Metaspace       used 5793K, capacity 6960K, committed 7040K, reserved 1056768K
  class space    used 576K, capacity 616K, committed 640K, reserved 1048576K
Event: 14.323 GC heap after
Heap after GC invocations=18 (full 0):
 PSYoungGen      total 41984K, used 5609K [0x00000000eab00000, 0x00000000ee100000, 0x0000000100000000)
  eden space 36352K, 0% used [0x00000000eab00000,0x00000000eab00000,0x00000000ece80000)
  from space 5632K, 99% used [0x00000000ed680000,0x00000000edbfa6d8,0x00000000edc00000)
  to   space 8192K, 0% used [0x00000000ece80000,0x00000000ece80000,0x00000000ed680000)
 ParOldGen       total 129536K, used 18541K [0x00000000c0000000, 0x00000000c7e80000, 0x00000000eab00000)
  object space 129536K, 14% used [0x00000000c0000000,0x00000000c121b618,0x00000000c7e80000)
 Metaspace       used 5793K, capacity 6960K, committed 7040K, reserved 1056768K
  class space    used 576K, capacity 616K, committed 640K, reserved 1048576K
}
Event: 15.574 GC heap before
{Heap before GC invocations=19 (full 0):
 PSYoungGen      total 41984K, used 41961K [0x00000000eab00000, 0x00000000ee100000, 0x0000000100000000)
  eden space 36352K, 100% used [0x00000000eab00000,0x00000000ece80000,0x00000000ece80000)
  from space 5632K, 99% used [0x00000000ed680000,0x00000000edbfa6d8,0x00000000edc00000)
  to   space 8192K, 0% used [0x00000000ece80000,0x00000000ece80000,0x00000000ed680000)
 ParOldGen       total 129536K, used 18541K [0x00000000c0000000, 0x00000000c7e80000, 0x00000000eab00000)
  object space 129536K, 14% used [0x00000000c0000000,0x00000000c121b618,0x00000000c7e80000)
 Metaspace       used 5859K, capacity 7024K, committed 7296K, reserved 1056768K
  class space    used 577K, capacity 616K, committed 640K, reserved 1048576K
Event: 15.635 GC heap after
Heap after GC invocations=19 (full 0):
 PSYoungGen      total 44544K, used 8161K [0x00000000eab00000, 0x00000000ef400000, 0x0000000100000000)
  eden space 36352K, 0% used [0x00000000eab00000,0x00000000eab00000,0x00000000ece80000)
  from space 8192K, 99% used [0x00000000ece80000,0x00000000ed6786d8,0x00000000ed680000)
  to   space 11776K, 0% used [0x00000000ee880000,0x00000000ee880000,0x00000000ef400000)
 ParOldGen       total 129536K, used 24937K [0x00000000c0000000, 0x00000000c7e80000, 0x00000000eab00000)
  object space 129536K, 19% used [0x00000000c0000000,0x00000000c185a7d8,0x00000000c7e80000)
 Metaspace       used 5859K, capacity 7024K, committed 7296K, reserved 1056768K
  class space    used 577K, capacity 616K, committed 640K, reserved 1048576K
}
Event: 16.151 GC heap before
{Heap before GC invocations=20 (full 0):
 PSYoungGen      total 44544K, used 44513K [0x00000000eab00000, 0x00000000ef400000, 0x0000000100000000)
  eden space 36352K, 100% used [0x00000000eab00000,0x00000000ece80000,0x00000000ece80000)
  from space 8192K, 99% used [0x00000000ece80000,0x00000000ed6786d8,0x00000000ed680000)
  to   space 11776K, 0% used [0x00000000ee880000,0x00000000ee880000,0x00000000ef400000)
 ParOldGen       total 129536K, used 24937K [0x00000000c0000000, 0x00000000c7e80000, 0x00000000eab00000)
  object space 129536K, 19% used [0x00000000c0000000,0x00000000c185a7d8,0x00000000c7e80000)
 Metaspace       used 5873K, capacity 7024K, committed 7296K, reserved 1056768K
  class space    used 577K, capacity 616K, committed 640K, reserved 1048576K
Event: 16.223 GC heap after
Heap after GC invocations=20 (full 0):
 PSYoungGen      total 62464K, used 6720K [0x00000000eab00000, 0x00000000ef500000, 0x0000000100000000)
  eden space 50688K, 0% used [0x00000000eab00000,0x00000000eab00000,0x00000000edc80000)
  from space 11776K, 57% used [0x00000000ee880000,0x00000000eef10010,0x00000000ef400000)
  to   space 12288K, 0% used [0x00000000edc80000,0x00000000edc80000,0x00000000ee880000)
 ParOldGen       total 129536K, used 33194K [0x00000000c0000000, 0x00000000c7e80000, 0x00000000eab00000)
  object space 129536K, 25% used [0x00000000c0000000,0x00000000c206a830,0x00000000c7e80000)
 Metaspace       used 5873K, capacity 7024K, committed 7296K, reserved 1056768K
  class space    used 577K, capacity 616K, committed 640K, reserved 1048576K
}
Event: 17.040 GC heap before
{Heap before GC invocations=21 (full 0):
 PSYoungGen      total 62464K, used 57408K [0x00000000eab00000, 0x00000000ef500000, 0x0000000100000000)
  eden space 50688K, 100% used [0x00000000eab00000,0x00000000edc80000,0x00000000edc80000)
  from space 11776K, 57% used [0x00000000ee880000,0x00000000eef10010,0x00000000ef400000)
  to   space 12288K, 0% used [0x00000000edc80000,0x00000000edc80000,0x00000000ee880000)
 ParOldGen       total 129536K, used 33194K [0x00000000c0000000, 0x00000000c7e80000, 0x00000000eab00000)
  object space 129536K, 25% used [0x00000000c0000000,0x00000000c206a830,0x00000000c7e80000)
 Metaspace       used 5878K, capacity 7024K, committed 7296K, reserved 1056768K
  class space    used 577K, capacity 616K, committed 640K, reserved 1048576K
Event: 17.140 GC heap after
Heap after GC invocations=21 (full 0):
 PSYoungGen      total 62976K, used 8416K [0x00000000eab00000, 0x00000000f0980000, 0x0000000100000000)
  eden space 50688K, 0% used [0x00000000eab00000,0x00000000eab00000,0x00000000edc80000)
  from space 12288K, 68% used [0x00000000edc80000,0x00000000ee4b8000,0x00000000ee880000)
  to   space 12800K, 0% used [0x00000000efd00000,0x00000000efd00000,0x00000000f0980000)
 ParOldGen       total 129536K, used 39390K [0x00000000c0000000, 0x00000000c7e80000, 0x00000000eab00000)
  object space 129536K, 30% used [0x00000000c0000000,0x00000000c2677a70,0x00000000c7e80000)
 Metaspace       used 5878K, capacity 7024K, committed 7296K, reserved 1056768K
  class space    used 577K, capacity 616K, committed 640K, reserved 1048576K
}

